<?xml version="1.0" encoding="UTF-8"?>
<!-- Generated by org.testng.reporters.JUnitReportReporter -->
<testsuite hostname="DESKTOP-L0EDU15" failures="0" tests="1" name="MonteRecoder.TestCase" time="11.582" errors="0" timestamp="2024-02-24T12:03:20 BDT" skipped="0">
  <testcase classname="MonteRecoder.TestCase" name="userinfo" time="11.582"/>
</testsuite> <!-- MonteRecoder.TestCase -->
